info it worked if it ends with ok
verbose cli [ 'node', '/usr/local/bin/npm', 'install', '.' ]
info using npm@1.1.21
info using node@v0.6.18
verbose config file /Users/ChrisW/.npmrc
verbose config file /usr/local/etc/npmrc
verbose config file /usr/local/lib/node_modules/npm/npmrc
WARN twilio-node@0.0.1 package.json: 'modules' object is deprecated
verbose caching /Users/ChrisW/Documents/Node/NodeHackPack/node_modules/node-twilio/package.json
verbose loadDefaults twilio-node@0.0.1
verbose from cache /Users/ChrisW/Documents/Node/NodeHackPack/node_modules/node-twilio/package.json
verbose readDependencies: using package.json deps
verbose cache add [ '.', null ]
silly cache add: name, spec, args [ undefined, '.', [ '.', null ] ]
verbose parsed url { pathname: '.', path: '.', href: '.' }
ERR! Could not install: .
ERR! Error: ENOENT, open 'package.json'
ERR! You may report this log at:
ERR!     <http://github.com/isaacs/npm/issues>
ERR! or email it to:
ERR!     <npm-@googlegroups.com>
ERR! 
ERR! System Darwin 11.4.0
ERR! command "node" "/usr/local/bin/npm" "install" "."
ERR! cwd /Users/ChrisW/Documents/Node/NodeHackPack/node_modules/node-twilio/lib
ERR! node -v v0.6.18
ERR! npm -v 1.1.21
ERR! path package.json
ERR! code ENOENT
ERR! message ENOENT, open 'package.json'
ERR! errno {}
verbose exit [ 1, true ]
